/home/fej/transbase/./ccl
/home/fej/transbase/./tbi
/home/fej/transbase/./ufi
/home/fej/transbase/./utbi
/home/fej/transbase/./util/pagesize.hlp
/home/fej/transbase/./util/edit.hlp
/home/fej/transbase/./util/insensi.hlp
/home/fej/transbase/./util/rompath.hlp
/home/fej/transbase/./util/datacach.hlp
/home/fej/transbase/./util/numbuser.hlp
/home/fej/transbase/./util/accteven.hlp
/home/fej/transbase/./util/diskok.hlp
/home/fej/transbase/./util/diskname.hlp
/home/fej/transbase/./util/physinit.hlp
/home/fej/transbase/./util/totrom.hlp
/home/fej/transbase/./util/scrapath.hlp
/home/fej/transbase/./util/mplxconf.hlp
/home/fej/transbase/./util/encrypt.hlp
/home/fej/transbase/./util/numbcd.hlp
/home/fej/transbase/./util/blobdedi.hlp
/home/fej/transbase/./util/diskext.hlp
/home/fej/transbase/./util/lockman.hlp
/home/fej/transbase/./util/segman.hlp
/home/fej/transbase/./util/fillfsm.hlp
/home/fej/transbase/./util/disksize.hlp
/home/fej/transbase/./util/format.hlp
/home/fej/transbase/./util/numbdisk.hlp
/home/fej/transbase/./util/dbname.hlp
/home/fej/transbase/./util/reledit.hlp
/home/fej/transbase/./util/bfimpath.hlp
/home/fej/transbase/./util/diskmove.hlp
/home/fej/transbase/./util/acctswit.hlp
/home/fej/transbase/./util/drecswit.hlp
/home/fej/transbase/./util/dbtype.hlp
/home/fej/transbase/./util/pathsok.hlp
/home/fej/transbase/./util/allokay.hlp
/home/fej/transbase/./util/acctpath.hlp
/home/fej/transbase/./util/drecpath.hlp
/home/fej/transbase/./util/drecsize.hlp
/home/fej/transbase/./util/sortcach.hlp
/home/fej/transbase/./util/dbpath.hlp
/home/fej/transbase/./tberror.h
/home/fej/transbase/./tbjdbcx.jar
/home/fej/transbase/./tbfid.h
/home/fej/transbase/./tbx.ccl
/home/fej/transbase/./tberror.ccl
/home/fej/transbase/./abc.sh
/home/fej/transbase/./mig33t41
/home/fej/transbase/./tbjdbc.jar
/home/fej/transbase/./tbc.sh
6119 blocks
